<?xml version="1.0" encoding="UTF-8"?>
<!-- Generated by org.testng.reporters.JUnitXMLReporter -->
<testsuite hostname="D-113064882" ignored="0" name="Default test" tests="5" failures="0" timestamp="13 Feb 2018 06:14:15 GMT" time="0.485" errors="0">
  <testcase name="@BeforeTest launchBrowser" time="0.0" classname="com.wipro.testcaes.RegAndAddToCartTcase">
    <failure type="org.testng.TestNGException" message="
Parameter &amp;apos;Browser&amp;apos; is required by BeforeTest on method launchBrowser but has not been marked @Optional or defined
in C:\Users\mm396468\AppData\Local\Temp\testng-eclipse--1596141010\testng-customsuite.xml">
      <![CDATA[org.testng.TestNGException: 
Parameter 'Browser' is required by BeforeTest on method launchBrowser but has not been marked @Optional or defined
in C:\Users\mm396468\AppData\Local\Temp\testng-eclipse--1596141010\testng-customsuite.xml
	at org.testng.internal.Parameters.createParameters(Parameters.java:199)
	at org.testng.internal.Parameters.createParameters(Parameters.java:443)
	at org.testng.internal.Parameters.createConfigurationParameters(Parameters.java:118)
	at org.testng.internal.Invoker.invokeConfigurations(Invoker.java:203)
	at org.testng.internal.Invoker.invokeConfigurations(Invoker.java:144)
	at org.testng.TestRunner.beforeRun(TestRunner.java:634)
	at org.testng.TestRunner.run(TestRunner.java:602)
	at org.testng.SuiteRunner.runTest(SuiteRunner.java:387)
	at org.testng.SuiteRunner.runSequentially(SuiteRunner.java:382)
	at org.testng.SuiteRunner.privateRun(SuiteRunner.java:340)
	at org.testng.SuiteRunner.run(SuiteRunner.java:289)
	at org.testng.SuiteRunnerWorker.runSuite(SuiteRunnerWorker.java:52)
	at org.testng.SuiteRunnerWorker.run(SuiteRunnerWorker.java:86)
	at org.testng.TestNG.runSuitesSequentially(TestNG.java:1293)
	at org.testng.TestNG.runSuitesLocally(TestNG.java:1218)
	at org.testng.TestNG.runSuites(TestNG.java:1133)
	at org.testng.TestNG.run(TestNG.java:1104)
	at org.testng.remote.AbstractRemoteTestNG.run(AbstractRemoteTestNG.java:114)
	at org.testng.remote.RemoteTestNG.initAndRun(RemoteTestNG.java:251)
	at org.testng.remote.RemoteTestNG.main(RemoteTestNG.java:77)
]]>
    </failure>
  </testcase> <!-- @BeforeTest launchBrowser -->
  <testcase name="@AfterTest logout" time="0.0" classname="com.wipro.testcaes.RegAndAddToCartTcase">
    <skipped/>
  </testcase> <!-- @AfterTest logout -->
  <testcase name="registration" time="0.0" classname="com.wipro.testcaes.RegAndAddToCartTcase">
    <skipped/>
  </testcase> <!-- registration -->
  <testcase name="addReviewOnViewedProduct" time="0.0" classname="com.wipro.testcaes.RegAndAddToCartTcase">
    <skipped/>
  </testcase> <!-- addReviewOnViewedProduct -->
  <testcase name="addReviewOnViewedProduct" time="0.0" classname="com.wipro.testcaes.RegAndAddToCartTcase">
    <skipped/>
  </testcase> <!-- addReviewOnViewedProduct -->
  <testcase name="addToWishlist" time="0.0" classname="com.wipro.testcaes.RegAndAddToCartTcase">
    <skipped/>
  </testcase> <!-- addToWishlist -->
  <testcase name="addToCart" time="0.0" classname="com.wipro.testcaes.RegAndAddToCartTcase">
    <skipped/>
  </testcase> <!-- addToCart -->
</testsuite> <!-- Default test -->
